# JRE version: Java(TM) SE Runtime Environment (8.0_333-b02) (build 1.8.0_333-b02)
# Java VM: Java HotSpot(TM) 64-Bit Server VM (25.333-b02 mixed mode windows-amd64 compressed oops)
Heap:
 PSYoungGen      total 38400K, used 5189K [0x00000000d5f00000, 0x00000000d8980000, 0x0000000100000000)
  eden space 33280K, 6% used [0x00000000d5f00000,0x00000000d6102db8,0x00000000d7f80000)
  from space 5120K, 61% used [0x00000000d8480000,0x00000000d878e730,0x00000000d8980000)
  to   space 5120K, 0% used [0x00000000d7f80000,0x00000000d7f80000,0x00000000d8480000)
 ParOldGen       total 87552K, used 12326K [0x0000000081c00000, 0x0000000087180000, 0x00000000d5f00000)
  object space 87552K, 14% used [0x0000000081c00000,0x0000000082809830,0x0000000087180000)
 Metaspace       used 15363K, capacity 15660K, committed 16000K, reserved 1062912K
  class space    used 1969K, capacity 2072K, committed 2176K, reserved 1048576K
GC Heap History (4 events):
Event: 26.575 GC heap before
{Heap before GC invocations=1 (full 0):
 PSYoungGen      total 38400K, used 33220K [0x00000000d5f00000, 0x00000000d8980000, 0x0000000100000000)
  eden space 33280K, 99% used [0x00000000d5f00000,0x00000000d7f71330,0x00000000d7f80000)
  from space 5120K, 0% used [0x00000000d8480000,0x00000000d8480000,0x00000000d8980000)
  to   space 5120K, 0% used [0x00000000d7f80000,0x00000000d7f80000,0x00000000d8480000)
 ParOldGen       total 87552K, used 0K [0x0000000081c00000, 0x0000000087180000, 0x00000000d5f00000)
  object space 87552K, 0% used [0x0000000081c00000,0x0000000081c00000,0x0000000087180000)
 Metaspace       used 15260K, capacity 15596K, committed 16000K, reserved 1062912K
  class space    used 1964K, capacity 2072K, committed 2176K, reserved 1048576K
Event: 26.594 GC heap after
Heap after GC invocations=1 (full 0):
 PSYoungGen      total 38400K, used 3889K [0x00000000d5f00000, 0x00000000d8980000, 0x0000000100000000)
  eden space 33280K, 0% used [0x00000000d5f00000,0x00000000d5f00000,0x00000000d7f80000)
  from space 5120K, 75% used [0x00000000d7f80000,0x00000000d834c520,0x00000000d8480000)
  to   space 5120K, 0% used [0x00000000d8480000,0x00000000d8480000,0x00000000d8980000)
 ParOldGen       total 87552K, used 12318K [0x0000000081c00000, 0x0000000087180000, 0x00000000d5f00000)
  object space 87552K, 14% used [0x0000000081c00000,0x0000000082807830,0x0000000087180000)
 Metaspace       used 15260K, capacity 15596K, committed 16000K, reserved 1062912K
  class space    used 1964K, capacity 2072K, committed 2176K, reserved 1048576K
}
Event: 32.478 GC heap before
{Heap before GC invocations=2 (full 0):
 PSYoungGen      total 38400K, used 37167K [0x00000000d5f00000, 0x00000000d8980000, 0x0000000100000000)
  eden space 33280K, 99% used [0x00000000d5f00000,0x00000000d7f7fac8,0x00000000d7f80000)
  from space 5120K, 75% used [0x00000000d7f80000,0x00000000d834c520,0x00000000d8480000)
  to   space 5120K, 0% used [0x00000000d8480000,0x00000000d8480000,0x00000000d8980000)
 ParOldGen       total 87552K, used 12318K [0x0000000081c00000, 0x0000000087180000, 0x00000000d5f00000)
  object space 87552K, 14% used [0x0000000081c00000,0x0000000082807830,0x0000000087180000)
 Metaspace       used 15360K, capacity 15660K, committed 16000K, reserved 1062912K
  class space    used 1969K, capacity 2072K, committed 2176K, reserved 1048576K
Event: 32.482 GC heap after
Heap after GC invocations=2 (full 0):
 PSYoungGen      total 38400K, used 3129K [0x00000000d5f00000, 0x00000000d8980000, 0x0000000100000000)
  eden space 33280K, 0% used [0x00000000d5f00000,0x00000000d5f00000,0x00000000d7f80000)
  from space 5120K, 61% used [0x00000000d8480000,0x00000000d878e730,0x00000000d8980000)
  to   space 5120K, 0% used [0x00000000d7f80000,0x00000000d7f80000,0x00000000d8480000)
 ParOldGen       total 87552K, used 12326K [0x0000000081c00000, 0x0000000087180000, 0x00000000d5f00000)
  object space 87552K, 14% used [0x0000000081c00000,0x0000000082809830,0x0000000087180000)
 Metaspace       used 15360K, capacity 15660K, committed 16000K, reserved 1062912K
  class space    used 1969K, capacity 2072K, committed 2176K, reserved 1048576K
}

