# JRE version: Java(TM) SE Runtime Environment (8.0_341-b10) (build 1.8.0_341-b10)
# Java VM: Java HotSpot(TM) 64-Bit Server VM (25.341-b10 mixed mode windows-amd64 compressed oops)
Heap:
 PSYoungGen      total 35840K, used 4397K [0x00000000d5f00000, 0x00000000d9e00000, 0x0000000100000000)
  eden space 31744K, 2% used [0x00000000d5f00000,0x00000000d5fab6b8,0x00000000d7e00000)
  from space 4096K, 90% used [0x00000000d7e80000,0x00000000d821ff20,0x00000000d8280000)
  to   space 16384K, 0% used [0x00000000d8e00000,0x00000000d8e00000,0x00000000d9e00000)
 ParOldGen       total 87552K, used 18041K [0x0000000081c00000, 0x0000000087180000, 0x00000000d5f00000)
  object space 87552K, 20% used [0x0000000081c00000,0x0000000082d9e4c0,0x0000000087180000)
 Metaspace       used 19632K, capacity 19920K, committed 20224K, reserved 1067008K
  class space    used 2448K, capacity 2532K, committed 2560K, reserved 1048576K
GC Heap History (10 events):
Event: 154.263 GC heap before
{Heap before GC invocations=3 (full 0):
 PSYoungGen      total 38400K, used 38242K [0x00000000d5f00000, 0x00000000d8980000, 0x0000000100000000)
  eden space 33280K, 99% used [0x00000000d5f00000,0x00000000d7f5ad30,0x00000000d7f80000)
  from space 5120K, 99% used [0x00000000d8480000,0x00000000d897db58,0x00000000d8980000)
  to   space 5120K, 0% used [0x00000000d7f80000,0x00000000d7f80000,0x00000000d8480000)
 ParOldGen       total 87552K, used 12732K [0x0000000081c00000, 0x0000000087180000, 0x00000000d5f00000)
  object space 87552K, 14% used [0x0000000081c00000,0x000000008286f080,0x0000000087180000)
 Metaspace       used 19524K, capacity 19856K, committed 20224K, reserved 1067008K
  class space    used 2448K, capacity 2532K, committed 2560K, reserved 1048576K
Event: 154.274 GC heap after
Heap after GC invocations=3 (full 0):
 PSYoungGen      total 38400K, used 5089K [0x00000000d5f00000, 0x00000000d8980000, 0x0000000100000000)
  eden space 33280K, 0% used [0x00000000d5f00000,0x00000000d5f00000,0x00000000d7f80000)
  from space 5120K, 99% used [0x00000000d7f80000,0x00000000d8478718,0x00000000d8480000)
  to   space 5120K, 0% used [0x00000000d8480000,0x00000000d8480000,0x00000000d8980000)
 ParOldGen       total 87552K, used 13665K [0x0000000081c00000, 0x0000000087180000, 0x00000000d5f00000)
  object space 87552K, 15% used [0x0000000081c00000,0x00000000829587d0,0x0000000087180000)
 Metaspace       used 19524K, capacity 19856K, committed 20224K, reserved 1067008K
  class space    used 2448K, capacity 2532K, committed 2560K, reserved 1048576K
}
Event: 168.207 GC heap before
{Heap before GC invocations=4 (full 0):
 PSYoungGen      total 38400K, used 38274K [0x00000000d5f00000, 0x00000000d8980000, 0x0000000100000000)
  eden space 33280K, 99% used [0x00000000d5f00000,0x00000000d7f681e0,0x00000000d7f80000)
  from space 5120K, 99% used [0x00000000d7f80000,0x00000000d8478718,0x00000000d8480000)
  to   space 5120K, 0% used [0x00000000d8480000,0x00000000d8480000,0x00000000d8980000)
 ParOldGen       total 87552K, used 13665K [0x0000000081c00000, 0x0000000087180000, 0x00000000d5f00000)
  object space 87552K, 15% used [0x0000000081c00000,0x00000000829587d0,0x0000000087180000)
 Metaspace       used 19574K, capacity 19856K, committed 20224K, reserved 1067008K
  class space    used 2448K, capacity 2532K, committed 2560K, reserved 1048576K
Event: 168.230 GC heap after
Heap after GC invocations=4 (full 0):
 PSYoungGen      total 38400K, used 5100K [0x00000000d5f00000, 0x00000000d8980000, 0x0000000100000000)
  eden space 33280K, 0% used [0x00000000d5f00000,0x00000000d5f00000,0x00000000d7f80000)
  from space 5120K, 99% used [0x00000000d8480000,0x00000000d897b120,0x00000000d8980000)
  to   space 5120K, 0% used [0x00000000d7f80000,0x00000000d7f80000,0x00000000d8480000)
 ParOldGen       total 87552K, used 14924K [0x0000000081c00000, 0x0000000087180000, 0x00000000d5f00000)
  object space 87552K, 17% used [0x0000000081c00000,0x0000000082a93338,0x0000000087180000)
 Metaspace       used 19574K, capacity 19856K, committed 20224K, reserved 1067008K
  class space    used 2448K, capacity 2532K, committed 2560K, reserved 1048576K
}
Event: 199.383 GC heap before
{Heap before GC invocations=5 (full 0):
 PSYoungGen      total 38400K, used 38336K [0x00000000d5f00000, 0x00000000d8980000, 0x0000000100000000)
  eden space 33280K, 99% used [0x00000000d5f00000,0x00000000d7f750e8,0x00000000d7f80000)
  from space 5120K, 99% used [0x00000000d8480000,0x00000000d897b120,0x00000000d8980000)
  to   space 5120K, 0% used [0x00000000d7f80000,0x00000000d7f80000,0x00000000d8480000)
 ParOldGen       total 87552K, used 14924K [0x0000000081c00000, 0x0000000087180000, 0x00000000d5f00000)
  object space 87552K, 17% used [0x0000000081c00000,0x0000000082a93338,0x0000000087180000)
 Metaspace       used 19621K, capacity 19920K, committed 20224K, reserved 1067008K
  class space    used 2448K, capacity 2532K, committed 2560K, reserved 1048576K
Event: 199.396 GC heap after
Heap after GC invocations=5 (full 0):
 PSYoungGen      total 37888K, used 5109K [0x00000000d5f00000, 0x00000000da100000, 0x0000000100000000)
  eden space 32768K, 0% used [0x00000000d5f00000,0x00000000d5f00000,0x00000000d7f00000)
  from space 5120K, 99% used [0x00000000d7f80000,0x00000000d847d4a0,0x00000000d8480000)
  to   space 17408K, 0% used [0x00000000d9000000,0x00000000d9000000,0x00000000da100000)
 ParOldGen       total 87552K, used 15531K [0x0000000081c00000, 0x0000000087180000, 0x00000000d5f00000)
  object space 87552K, 17% used [0x0000000081c00000,0x0000000082b2ad10,0x0000000087180000)
 Metaspace       used 19621K, capacity 19920K, committed 20224K, reserved 1067008K
  class space    used 2448K, capacity 2532K, committed 2560K, reserved 1048576K
}
Event: 211.650 GC heap before
{Heap before GC invocations=6 (full 0):
 PSYoungGen      total 37888K, used 37785K [0x00000000d5f00000, 0x00000000da100000, 0x0000000100000000)
  eden space 32768K, 99% used [0x00000000d5f00000,0x00000000d7ee90b0,0x00000000d7f00000)
  from space 5120K, 99% used [0x00000000d7f80000,0x00000000d847d4a0,0x00000000d8480000)
  to   space 17408K, 0% used [0x00000000d9000000,0x00000000d9000000,0x00000000da100000)
 ParOldGen       total 87552K, used 15531K [0x0000000081c00000, 0x0000000087180000, 0x00000000d5f00000)
  object space 87552K, 17% used [0x0000000081c00000,0x0000000082b2ad10,0x0000000087180000)
 Metaspace       used 19625K, capacity 19920K, committed 20224K, reserved 1067008K
  class space    used 2448K, capacity 2532K, committed 2560K, reserved 1048576K
Event: 211.659 GC heap after
Heap after GC invocations=6 (full 0):
 PSYoungGen      total 47104K, used 5767K [0x00000000d5f00000, 0x00000000d9e80000, 0x0000000100000000)
  eden space 32256K, 0% used [0x00000000d5f00000,0x00000000d5f00000,0x00000000d7e80000)
  from space 14848K, 38% used [0x00000000d9000000,0x00000000d95a1eb0,0x00000000d9e80000)
  to   space 16384K, 0% used [0x00000000d7e80000,0x00000000d7e80000,0x00000000d8e80000)
 ParOldGen       total 87552K, used 15539K [0x0000000081c00000, 0x0000000087180000, 0x00000000d5f00000)
  object space 87552K, 17% used [0x0000000081c00000,0x0000000082b2cd10,0x0000000087180000)
 Metaspace       used 19625K, capacity 19920K, committed 20224K, reserved 1067008K
  class space    used 2448K, capacity 2532K, committed 2560K, reserved 1048576K
}
Event: 236.949 GC heap before
{Heap before GC invocations=7 (full 0):
 PSYoungGen      total 47104K, used 37934K [0x00000000d5f00000, 0x00000000d9e80000, 0x0000000100000000)
  eden space 32256K, 99% used [0x00000000d5f00000,0x00000000d7e69b68,0x00000000d7e80000)
  from space 14848K, 38% used [0x00000000d9000000,0x00000000d95a1eb0,0x00000000d9e80000)
  to   space 16384K, 0% used [0x00000000d7e80000,0x00000000d7e80000,0x00000000d8e80000)
 ParOldGen       total 87552K, used 15539K [0x0000000081c00000, 0x0000000087180000, 0x00000000d5f00000)
  object space 87552K, 17% used [0x0000000081c00000,0x0000000082b2cd10,0x0000000087180000)
 Metaspace       used 19632K, capacity 19920K, committed 20224K, reserved 1067008K
  class space    used 2448K, capacity 2532K, committed 2560K, reserved 1048576K
Event: 236.958 GC heap after
Heap after GC invocations=7 (full 0):
 PSYoungGen      total 35840K, used 3711K [0x00000000d5f00000, 0x00000000d9e00000, 0x0000000100000000)
  eden space 31744K, 0% used [0x00000000d5f00000,0x00000000d5f00000,0x00000000d7e00000)
  from space 4096K, 90% used [0x00000000d7e80000,0x00000000d821ff20,0x00000000d8280000)
  to   space 16384K, 0% used [0x00000000d8e00000,0x00000000d8e00000,0x00000000d9e00000)
 ParOldGen       total 87552K, used 18041K [0x0000000081c00000, 0x0000000087180000, 0x00000000d5f00000)
  object space 87552K, 20% used [0x0000000081c00000,0x0000000082d9e4c0,0x0000000087180000)
 Metaspace       used 19632K, capacity 19920K, committed 20224K, reserved 1067008K
  class space    used 2448K, capacity 2532K, committed 2560K, reserved 1048576K
}

